21-Nov-2023 01:57:06.117 INFORMACIÓN [main] org.apache.catalina.startup.VersionLoggerListener.log Nombre de la versión del servidor: Apache Tomcat/9.0.83
21-Nov-2023 01:57:06.120 INFORMACIÓN [main] org.apache.catalina.startup.VersionLoggerListener.log Server built:                      Nov 9 2023 20:57:42 UTC
21-Nov-2023 01:57:06.121 INFORMACIÓN [main] org.apache.catalina.startup.VersionLoggerListener.log Número de versión de servidor:     9.0.83.0
21-Nov-2023 01:57:06.121 INFORMACIÓN [main] org.apache.catalina.startup.VersionLoggerListener.log OS Name:                           Linux
21-Nov-2023 01:57:06.121 INFORMACIÓN [main] org.apache.catalina.startup.VersionLoggerListener.log Versión de Systema Operativo:      6.2.0-36-generic
21-Nov-2023 01:57:06.121 INFORMACIÓN [main] org.apache.catalina.startup.VersionLoggerListener.log Arquitectura:                      amd64
21-Nov-2023 01:57:06.122 INFORMACIÓN [main] org.apache.catalina.startup.VersionLoggerListener.log Java Home:                         /usr/lib/jvm/java-8-openjdk-amd64/jre
21-Nov-2023 01:57:06.122 INFORMACIÓN [main] org.apache.catalina.startup.VersionLoggerListener.log JVM Version:                       1.8.0_382-8u382-ga-1~22.04.1-b05
21-Nov-2023 01:57:06.122 INFORMACIÓN [main] org.apache.catalina.startup.VersionLoggerListener.log Vededor JVM:                       Private Build
21-Nov-2023 01:57:06.122 INFORMACIÓN [main] org.apache.catalina.startup.VersionLoggerListener.log CATALINA_BASE:                     /home/tecnologo/LAB_DE_APLICACIONES/apache-tomcat-9.0.83
21-Nov-2023 01:57:06.122 INFORMACIÓN [main] org.apache.catalina.startup.VersionLoggerListener.log CATALINA_HOME:                     /home/tecnologo/LAB_DE_APLICACIONES/apache-tomcat-9.0.83
21-Nov-2023 01:57:06.124 INFORMACIÓN [main] org.apache.catalina.startup.VersionLoggerListener.log Command line argument:             -Djava.util.logging.config.file=/home/tecnologo/LAB_DE_APLICACIONES/apache-tomcat-9.0.83/conf/logging.properties
21-Nov-2023 01:57:06.124 INFORMACIÓN [main] org.apache.catalina.startup.VersionLoggerListener.log Command line argument:             -Djava.util.logging.manager=org.apache.juli.ClassLoaderLogManager
21-Nov-2023 01:57:06.124 INFORMACIÓN [main] org.apache.catalina.startup.VersionLoggerListener.log Command line argument:             -Djdk.tls.ephemeralDHKeySize=2048
21-Nov-2023 01:57:06.124 INFORMACIÓN [main] org.apache.catalina.startup.VersionLoggerListener.log Command line argument:             -Djava.protocol.handler.pkgs=org.apache.catalina.webresources
21-Nov-2023 01:57:06.125 INFORMACIÓN [main] org.apache.catalina.startup.VersionLoggerListener.log Command line argument:             -Dorg.apache.catalina.security.SecurityListener.UMASK=0027
21-Nov-2023 01:57:06.125 INFORMACIÓN [main] org.apache.catalina.startup.VersionLoggerListener.log Command line argument:             -Dignore.endorsed.dirs=
21-Nov-2023 01:57:06.125 INFORMACIÓN [main] org.apache.catalina.startup.VersionLoggerListener.log Command line argument:             -Dcatalina.base=/home/tecnologo/LAB_DE_APLICACIONES/apache-tomcat-9.0.83
21-Nov-2023 01:57:06.125 INFORMACIÓN [main] org.apache.catalina.startup.VersionLoggerListener.log Command line argument:             -Dcatalina.home=/home/tecnologo/LAB_DE_APLICACIONES/apache-tomcat-9.0.83
21-Nov-2023 01:57:06.125 INFORMACIÓN [main] org.apache.catalina.startup.VersionLoggerListener.log Command line argument:             -Djava.io.tmpdir=/home/tecnologo/LAB_DE_APLICACIONES/apache-tomcat-9.0.83/temp
21-Nov-2023 01:57:06.137 INFORMACIÓN [main] org.apache.catalina.core.AprLifecycleListener.lifecycleEvent Se encuentra instalada una versión muy vieja [1.2.31] de la biblioteca nativa APR de Apache Tomcat, mientras que Tomcat recomienda una versión mayor de [1.2.38]
21-Nov-2023 01:57:06.137 INFORMACIÓN [main] org.apache.catalina.core.AprLifecycleListener.lifecycleEvent Cargada la biblioteca nativa APR de Apache Tomcat [1.2.31] con la versión APR [1.7.0].
21-Nov-2023 01:57:06.137 INFORMACIÓN [main] org.apache.catalina.core.AprLifecycleListener.lifecycleEvent Capacidades APR: IPv6 [true], enviar fichero [true], aceptar filtros [false], aleatorio [true], UDS [true].
21-Nov-2023 01:57:06.137 INFORMACIÓN [main] org.apache.catalina.core.AprLifecycleListener.lifecycleEvent APR/OpenSSL configuration: useAprConnector [false], useOpenSSL [true]
21-Nov-2023 01:57:06.152 INFORMACIÓN [main] org.apache.catalina.core.AprLifecycleListener.initializeSSL OpenSSL inicializado correctamente [OpenSSL 3.0.2 15 Mar 2022]
21-Nov-2023 01:57:06.473 INFORMACIÓN [main] org.apache.coyote.AbstractProtocol.init Inicializando el manejador de protocolo ["http-nio-8080"]

21-Nov-2023 01:57:06.490 INFORMACIÓN [main] org.apache.catalina.startup.Catalina.load Server initialization in [573] milliseconds
21-Nov-2023 01:57:06.533 INFORMACIÓN [main] org.apache.catalina.core.StandardService.startInternal Arrancando servicio [Catalina]
21-Nov-2023 01:57:06.534 INFORMACIÓN [main] org.apache.catalina.core.StandardEngine.startInternal Starting Servlet engine: [Apache Tomcat/9.0.83]
21-Nov-2023 01:57:06.541 INFORMACIÓN [main] org.apache.catalina.startup.HostConfig.deployDescriptor Desplieque del descriptor de configuración [/home/tecnologo/LAB_DE_APLICACIONES/apache-tomcat-9.0.83/conf/Catalina/localhost/PAP___LAB.xml]
21-Nov-2023 01:57:06.556 ADVERTENCIA [main] org.apache.catalina.startup.HostConfig.deployDescriptor The path attribute with value [/PAP___LAB] in deployment descriptor [/home/tecnologo/LAB_DE_APLICACIONES/apache-tomcat-9.0.83/conf/Catalina/localhost/PAP___LAB.xml] has been ignored
21-Nov-2023 01:57:08.426 ADVERTENCIA [main] java.util.ArrayList.forEach Name = conexion Property maxActive is not used in DBCP2, use maxTotal instead. maxTotal default value is 8. You have set value of "20" for "maxActive" property, which is being ignored.
21-Nov-2023 01:57:08.426 ADVERTENCIA [main] java.util.ArrayList.forEach Name = conexion Property maxWait is not used in DBCP2 , use maxWaitMillis instead. maxWaitMillis default value is PT-0.001S. You have set value of "-1" for "maxWait" property, which is being ignored.
21-Nov-2023 01:57:08.533 INFORMACIÓN [main] org.apache.jasper.servlet.TldScanner.scanJars Al menos un JAR, que se ha explorado buscando TLDs, aún no contenía TLDs. Activar historial de depuración para este historiador para una completa lista de los JARs que fueron explorados y de los que nos se halló TLDs. Saltarse JARs no necesarios durante la exploración puede dar lugar a una mejora de tiempo significativa en el arranque y compilación de JSP .
21-Nov-2023 01:57:08.660 INFORMACIÓN [main] org.apache.catalina.startup.HostConfig.deployDescriptor Deployment of deployment descriptor [/home/tecnologo/LAB_DE_APLICACIONES/apache-tomcat-9.0.83/conf/Catalina/localhost/PAP___LAB.xml] has finished in [2.118] ms
21-Nov-2023 01:57:08.662 INFORMACIÓN [main] org.apache.catalina.startup.HostConfig.deployWAR Despliegue del archivo [/home/tecnologo/LAB_DE_APLICACIONES/apache-tomcat-9.0.83/webapps/WebServer-1.0-SNAPSHOT.war] de la aplicación web
21-Nov-2023 01:57:08.665 INFORMACIÓN [main] org.apache.catalina.startup.ExpandWar.expand An expanded directory [/home/tecnologo/LAB_DE_APLICACIONES/apache-tomcat-9.0.83/webapps/WebServer-1.0-SNAPSHOT] was found with a last modified time that did not match the associated WAR. It will be deleted.
21-Nov-2023 01:57:09.747 ADVERTENCIA [main] java.util.ArrayList.forEach Name = conexion Property maxActive is not used in DBCP2, use maxTotal instead. maxTotal default value is 8. You have set value of "20" for "maxActive" property, which is being ignored.
21-Nov-2023 01:57:09.747 ADVERTENCIA [main] java.util.ArrayList.forEach Name = conexion Property maxWait is not used in DBCP2 , use maxWaitMillis instead. maxWaitMillis default value is PT-0.001S. You have set value of "-1" for "maxWait" property, which is being ignored.
21-Nov-2023 01:57:09.759 INFORMACIÓN [main] org.apache.jasper.servlet.TldScanner.scanJars Al menos un JAR, que se ha explorado buscando TLDs, aún no contenía TLDs. Activar historial de depuración para este historiador para una completa lista de los JARs que fueron explorados y de los que nos se halló TLDs. Saltarse JARs no necesarios durante la exploración puede dar lugar a una mejora de tiempo significativa en el arranque y compilación de JSP .
21-Nov-2023 01:57:09.824 INFORMACIÓN [main] org.apache.catalina.startup.HostConfig.deployWAR Deployment of web application archive [/home/tecnologo/LAB_DE_APLICACIONES/apache-tomcat-9.0.83/webapps/WebServer-1.0-SNAPSHOT.war] has finished in [1.162] ms
21-Nov-2023 01:57:09.824 INFORMACIÓN [main] org.apache.catalina.startup.HostConfig.deployDirectory Desplegando el directorio [/home/tecnologo/LAB_DE_APLICACIONES/apache-tomcat-9.0.83/webapps/ROOT] de la aplicación web
21-Nov-2023 01:57:09.836 INFORMACIÓN [main] org.apache.catalina.startup.HostConfig.deployDirectory Deployment of web application directory [/home/tecnologo/LAB_DE_APLICACIONES/apache-tomcat-9.0.83/webapps/ROOT] has finished in [12] ms
21-Nov-2023 01:57:09.837 INFORMACIÓN [main] org.apache.catalina.startup.HostConfig.deployDirectory Desplegando el directorio [/home/tecnologo/LAB_DE_APLICACIONES/apache-tomcat-9.0.83/webapps/manager] de la aplicación web
21-Nov-2023 01:57:09.865 INFORMACIÓN [main] org.apache.catalina.startup.HostConfig.deployDirectory Deployment of web application directory [/home/tecnologo/LAB_DE_APLICACIONES/apache-tomcat-9.0.83/webapps/manager] has finished in [28] ms
21-Nov-2023 01:57:09.865 INFORMACIÓN [main] org.apache.catalina.startup.HostConfig.deployDirectory Desplegando el directorio [/home/tecnologo/LAB_DE_APLICACIONES/apache-tomcat-9.0.83/webapps/host-manager] de la aplicación web
21-Nov-2023 01:57:09.880 INFORMACIÓN [main] org.apache.catalina.startup.HostConfig.deployDirectory Deployment of web application directory [/home/tecnologo/LAB_DE_APLICACIONES/apache-tomcat-9.0.83/webapps/host-manager] has finished in [15] ms
21-Nov-2023 01:57:09.880 INFORMACIÓN [main] org.apache.catalina.startup.HostConfig.deployDirectory Desplegando el directorio [/home/tecnologo/LAB_DE_APLICACIONES/apache-tomcat-9.0.83/webapps/examples] de la aplicación web
21-Nov-2023 01:57:10.037 INFORMACIÓN [main] org.apache.catalina.startup.HostConfig.deployDirectory Deployment of web application directory [/home/tecnologo/LAB_DE_APLICACIONES/apache-tomcat-9.0.83/webapps/examples] has finished in [157] ms
21-Nov-2023 01:57:10.037 INFORMACIÓN [main] org.apache.catalina.startup.HostConfig.deployDirectory Desplegando el directorio [/home/tecnologo/LAB_DE_APLICACIONES/apache-tomcat-9.0.83/webapps/docs] de la aplicación web
21-Nov-2023 01:57:10.049 INFORMACIÓN [main] org.apache.catalina.startup.HostConfig.deployDirectory Deployment of web application directory [/home/tecnologo/LAB_DE_APLICACIONES/apache-tomcat-9.0.83/webapps/docs] has finished in [12] ms
21-Nov-2023 01:57:10.053 INFORMACIÓN [main] org.apache.coyote.AbstractProtocol.start Starting ProtocolHandler ["http-nio-8080"]
21-Nov-2023 01:57:10.069 INFORMACIÓN [main] org.apache.catalina.startup.Catalina.start Server startup in [3578] milliseconds
