18-Nov-2023 17:39:10.919 INFO [http-nio-8080-exec-10] org.apache.catalina.core.ApplicationContext.log Manager: init: Associated with Deployer 'Catalina:type=Deployer,host=localhost'
18-Nov-2023 17:39:10.920 INFO [http-nio-8080-exec-10] org.apache.catalina.core.ApplicationContext.log Manager: init: Global resources are available
18-Nov-2023 17:39:11.431 INFO [http-nio-8080-exec-8] org.apache.catalina.core.ApplicationContext.log Manager: list: Listing contexts for virtual host 'localhost'
18-Nov-2023 17:39:11.449 INFO [http-nio-8080-exec-9] org.apache.catalina.core.ApplicationContext.log Manager: list: Listing contexts for virtual host 'localhost'
18-Nov-2023 17:39:11.467 INFO [http-nio-8080-exec-10] org.apache.catalina.core.ApplicationContext.log Manager: install: Installing context configuration at 'file:/tmp/context3953151206773529139.xml'
18-Nov-2023 17:39:12.806 INFO [http-nio-8080-exec-1] org.apache.catalina.core.ApplicationContext.log Manager: start: Starting web application '/PAP___LAB'
18-Nov-2023 17:41:35.200 INFO [http-nio-8080-exec-3] org.apache.catalina.core.ApplicationContext.log Manager: list: Listing contexts for virtual host 'localhost'
18-Nov-2023 17:41:35.236 INFO [http-nio-8080-exec-4] org.apache.catalina.core.ApplicationContext.log Manager: undeploy: Undeploying web application at '/PAP___LAB'
18-Nov-2023 17:41:51.574 INFO [http-nio-8080-exec-5] org.apache.catalina.core.ApplicationContext.log Manager: list: Listing contexts for virtual host 'localhost'
18-Nov-2023 17:41:51.591 INFO [http-nio-8080-exec-1] org.apache.catalina.core.ApplicationContext.log Manager: list: Listing contexts for virtual host 'localhost'
18-Nov-2023 17:41:51.604 INFO [http-nio-8080-exec-7] org.apache.catalina.core.ApplicationContext.log Manager: install: Installing context configuration at 'file:/tmp/context2962071260340174979.xml'
18-Nov-2023 17:41:52.917 INFO [http-nio-8080-exec-11] org.apache.catalina.core.ApplicationContext.log Manager: start: Starting web application '/PAP___LAB'
18-Nov-2023 17:57:33.304 INFO [http-nio-8080-exec-19] org.apache.catalina.core.ApplicationContext.log Manager: list: Listing contexts for virtual host 'localhost'
18-Nov-2023 17:57:33.318 INFO [http-nio-8080-exec-20] org.apache.catalina.core.ApplicationContext.log Manager: undeploy: Undeploying web application at '/PAP___LAB'
18-Nov-2023 17:57:48.223 INFO [http-nio-8080-exec-15] org.apache.catalina.core.ApplicationContext.log Manager: list: Listing contexts for virtual host 'localhost'
18-Nov-2023 17:57:48.228 INFO [http-nio-8080-exec-12] org.apache.catalina.core.ApplicationContext.log Manager: list: Listing contexts for virtual host 'localhost'
18-Nov-2023 17:57:48.239 INFO [http-nio-8080-exec-18] org.apache.catalina.core.ApplicationContext.log Manager: install: Installing context configuration at 'file:/tmp/context1741602310578294144.xml'
18-Nov-2023 17:57:49.359 INFO [http-nio-8080-exec-13] org.apache.catalina.core.ApplicationContext.log Manager: start: Starting web application '/PAP___LAB'
18-Nov-2023 17:59:06.118 INFO [http-nio-8080-exec-24] org.apache.catalina.core.ApplicationContext.log Manager: list: Listing contexts for virtual host 'localhost'
18-Nov-2023 17:59:06.125 INFO [http-nio-8080-exec-23] org.apache.catalina.core.ApplicationContext.log Manager: list: Listing contexts for virtual host 'localhost'
18-Nov-2023 17:59:06.139 INFO [http-nio-8080-exec-26] org.apache.catalina.core.ApplicationContext.log Manager: undeploy: Undeploying web application at '/PAP___LAB'
18-Nov-2023 17:59:06.670 INFO [http-nio-8080-exec-24] org.apache.catalina.core.ApplicationContext.log Manager: install: Installing context configuration at 'file:/tmp/context3452022650705251287.xml'
18-Nov-2023 17:59:07.812 INFO [http-nio-8080-exec-27] org.apache.catalina.core.ApplicationContext.log Manager: start: Starting web application '/PAP___LAB'
